  Source.cpp
C:\Users\Admin\source\repos\Tank maze c\Tank maze c\Source.cpp(32,84): warning C4244: аргумент: преобразование "_Rep" в "unsigned int", возможна потеря данных
          with
          [
              _Rep=__int64
          ]
C:\Users\Admin\source\repos\Tank maze c\Tank maze c\Source.cpp(245,42): warning C4244: аргумент: преобразование "ld" в "T", возможна потеря данных
          with
          [
              T=float
          ]
C:\Users\Admin\source\repos\Tank maze c\Tank maze c\Source.cpp(245,33): warning C4244: аргумент: преобразование "ld" в "T", возможна потеря данных
          with
          [
              T=float
          ]
C:\Users\Admin\source\repos\Tank maze c\Tank maze c\Source.cpp(246,42): warning C4244: аргумент: преобразование "ld" в "T", возможна потеря данных
          with
          [
              T=float
          ]
C:\Users\Admin\source\repos\Tank maze c\Tank maze c\Source.cpp(246,33): warning C4244: аргумент: преобразование "ld" в "T", возможна потеря данных
          with
          [
              T=float
          ]
C:\Users\Admin\source\repos\Tank maze c\Tank maze c\Source.cpp(247,42): warning C4244: аргумент: преобразование "ld" в "T", возможна потеря данных
          with
          [
              T=float
          ]
C:\Users\Admin\source\repos\Tank maze c\Tank maze c\Source.cpp(247,33): warning C4244: аргумент: преобразование "ld" в "T", возможна потеря данных
          with
          [
              T=float
          ]
C:\Users\Admin\source\repos\Tank maze c\Tank maze c\Source.cpp(248,42): warning C4244: аргумент: преобразование "ld" в "T", возможна потеря данных
          with
          [
              T=float
          ]
C:\Users\Admin\source\repos\Tank maze c\Tank maze c\Source.cpp(248,33): warning C4244: аргумент: преобразование "ld" в "T", возможна потеря данных
          with
          [
              T=float
          ]
C:\Users\Admin\source\repos\Tank maze c\Tank maze c\Source.cpp(258,29): warning C4244: аргумент: преобразование "int" в "float", возможна потеря данных
C:\Users\Admin\source\repos\Tank maze c\Tank maze c\Source.cpp(277,41): warning C4244: аргумент: преобразование "ld" в "float", возможна потеря данных
C:\Users\Admin\source\repos\Tank maze c\Tank maze c\Source.cpp(277,28): warning C4244: аргумент: преобразование "ld" в "float", возможна потеря данных
C:\Users\Admin\source\repos\Tank maze c\Tank maze c\Source.cpp(278,24): warning C4244: аргумент: преобразование "ld" в "float", возможна потеря данных
C:\Users\Admin\source\repos\Tank maze c\Tank maze c\Source.cpp(278,17): warning C4244: аргумент: преобразование "ld" в "float", возможна потеря данных
C:\Users\Admin\source\repos\Tank maze c\Tank maze c\Source.cpp(301,1): warning C4267: return: преобразование из "size_t" в "int"; возможна потеря данных
C:\Users\Admin\source\repos\Tank maze c\Tank maze c\Source.cpp(339,15): warning C4244: инициализация: преобразование "ld" в "int", возможна потеря данных
C:\Users\Admin\source\repos\Tank maze c\Tank maze c\Source.cpp(349,15): warning C4244: инициализация: преобразование "ld" в "int", возможна потеря данных
C:\Users\Admin\source\repos\Tank maze c\Tank maze c\Source.cpp(452,75): warning C4244: аргумент: преобразование "ld" в "int", возможна потеря данных
C:\Users\Admin\source\repos\Tank maze c\Tank maze c\Source.cpp(481,23): warning C4244: аргумент: преобразование "ld" в "float", возможна потеря данных
C:\Users\Admin\source\repos\Tank maze c\Tank maze c\Source.cpp(482,79): warning C4244: аргумент: преобразование "ld" в "T", возможна потеря данных
          with
          [
              T=float
          ]
C:\Users\Admin\source\repos\Tank maze c\Tank maze c\Source.cpp(482,41): warning C4244: аргумент: преобразование "ld" в "T", возможна потеря данных
          with
          [
              T=float
          ]
C:\Users\Admin\source\repos\Tank maze c\Tank maze c\Source.cpp(506,102): warning C4244: аргумент: преобразование "ld" в "float", возможна потеря данных
C:\Users\Admin\source\repos\Tank maze c\Tank maze c\Source.cpp(506,44): warning C4244: аргумент: преобразование "ld" в "float", возможна потеря данных
C:\Users\Admin\source\repos\Tank maze c\Tank maze c\Source.cpp(507,62): warning C4244: аргумент: преобразование "ld" в "float", возможна потеря данных
C:\Users\Admin\source\repos\Tank maze c\Tank maze c\Source.cpp(507,30): warning C4244: аргумент: преобразование "ld" в "float", возможна потеря данных
C:\Users\Admin\source\repos\Tank maze c\Tank maze c\Source.cpp(512,54): warning C4244: аргумент: преобразование "ld" в "T", возможна потеря данных
          with
          [
              T=float
          ]
C:\Users\Admin\source\repos\Tank maze c\Tank maze c\Source.cpp(512,32): warning C4244: аргумент: преобразование "ld" в "T", возможна потеря данных
          with
          [
              T=float
          ]
C:\Users\Admin\source\repos\Tank maze c\Tank maze c\Source.cpp(513,61): warning C4244: аргумент: преобразование "ld" в "float", возможна потеря данных
C:\Users\Admin\source\repos\Tank maze c\Tank maze c\Source.cpp(513,29): warning C4244: аргумент: преобразование "ld" в "float", возможна потеря данных
C:\Users\Admin\source\repos\Tank maze c\Tank maze c\Source.cpp(558,107): warning C4244: аргумент: преобразование "ld" в "float", возможна потеря данных
C:\Users\Admin\source\repos\Tank maze c\Tank maze c\Source.cpp(558,55): warning C4244: аргумент: преобразование "ld" в "float", возможна потеря данных
C:\Users\Admin\source\repos\Tank maze c\Tank maze c\Source.cpp(559,41): warning C4244: аргумент: преобразование "ld" в "float", возможна потеря данных
C:\Users\Admin\source\repos\Tank maze c\Tank maze c\Source.cpp(559,25): warning C4244: аргумент: преобразование "ld" в "float", возможна потеря данных
C:\Users\Admin\source\repos\Tank maze c\Tank maze c\Source.cpp(560,35): warning C4244: аргумент: преобразование "ld" в "float", возможна потеря данных
C:\Users\Admin\source\repos\Tank maze c\Tank maze c\Source.cpp(594,12): warning C4244: инициализация: преобразование "double" в "int", возможна потеря данных
C:\Users\Admin\source\repos\Tank maze c\Tank maze c\Source.cpp(686,76): warning C4244: аргумент: преобразование "ld" в "float", возможна потеря данных
C:\Users\Admin\source\repos\Tank maze c\Tank maze c\Source.cpp(686,38): warning C4244: аргумент: преобразование "ld" в "float", возможна потеря данных
C:\Users\Admin\source\repos\Tank maze c\Tank maze c\Source.cpp(692,75): warning C4244: аргумент: преобразование "ld" в "float", возможна потеря данных
C:\Users\Admin\source\repos\Tank maze c\Tank maze c\Source.cpp(692,37): warning C4244: аргумент: преобразование "ld" в "float", возможна потеря данных
C:\Users\Admin\source\repos\Tank maze c\Tank maze c\Source.cpp(694,15): warning C4244: инициализация: преобразование "ld" в "int", возможна потеря данных
C:\Users\Admin\source\repos\Tank maze c\Tank maze c\Source.cpp(700,51): warning C4244: аргумент: преобразование "ld" в "sf::Uint8", возможна потеря данных
C:\Users\Admin\source\repos\Tank maze c\Tank maze c\Source.cpp(798,1): warning C4267: =: преобразование из "size_t" в "int"; возможна потеря данных
C:\Users\Admin\source\repos\Tank maze c\Tank maze c\Source.cpp(841,1): warning C4267: =: преобразование из "size_t" в "int"; возможна потеря данных
C:\Users\Admin\source\repos\Tank maze c\Tank maze c\Source.cpp(865,1): warning C4267: =: преобразование из "size_t" в "int"; возможна потеря данных
C:\Users\Admin\source\repos\Tank maze c\Tank maze c\Source.cpp(876,1): warning C4267: =: преобразование из "size_t" в "int"; возможна потеря данных
C:\Users\Admin\source\repos\Tank maze c\Tank maze c\Source.cpp(908,1): warning C4244: -=: преобразование "ld" в "int", возможна потеря данных
C:\Users\Admin\source\repos\Tank maze c\Tank maze c\Source.cpp(912,41): warning C4244: аргумент: преобразование "int" в "float", возможна потеря данных
C:\Users\Admin\source\repos\Tank maze c\Tank maze c\Source.cpp(918,36): warning C4244: аргумент: преобразование "int" в "float", возможна потеря данных
C:\Users\Admin\source\repos\Tank maze c\Tank maze c\Source.cpp(922,37): warning C4244: аргумент: преобразование "int" в "float", возможна потеря данных
C:\Users\Admin\source\repos\Tank maze c\Tank maze c\Source.cpp(925,63): warning C4244: аргумент: преобразование "int" в "float", возможна потеря данных
C:\Users\Admin\source\repos\Tank maze c\Tank maze c\Source.cpp(1009,17): warning C4244: инициализация: преобразование "ld" в "int", возможна потеря данных
C:\Users\Admin\source\repos\Tank maze c\Tank maze c\Source.cpp(1010,17): warning C4244: инициализация: преобразование "ld" в "int", возможна потеря данных
C:\Users\Admin\source\repos\Tank maze c\Tank maze c\Source.cpp(1418,43): warning C4267: инициализация: преобразование из "size_t" в "int"; возможна потеря данных
C:\Users\Admin\source\repos\Tank maze c\Tank maze c\Source.cpp(1422,38): warning C4244: аргумент: преобразование "int" в "float", возможна потеря данных
C:\Users\Admin\source\repos\Tank maze c\Tank maze c\Source.cpp(1422,26): warning C4244: аргумент: преобразование "int" в "float", возможна потеря данных
C:\Users\Admin\source\repos\Tank maze c\Tank maze c\Source.cpp(1438,19): warning C4244: аргумент: преобразование "int" в "float", возможна потеря данных
C:\Users\Admin\source\repos\Tank maze c\Tank maze c\Source.cpp(1498,53): warning C4244: аргумент: преобразование "ld" в "float", возможна потеря данных
C:\Users\Admin\source\repos\Tank maze c\Tank maze c\Source.cpp(1498,26): warning C4244: аргумент: преобразование "ld" в "float", возможна потеря данных
C:\Users\Admin\source\repos\Tank maze c\Tank maze c\Source.cpp(1537,58): warning C4244: аргумент: преобразование "int" в "float", возможна потеря данных
C:\Users\Admin\source\repos\Tank maze c\Tank maze c\Source.cpp(1538,29): warning C4244: +=: преобразование "T" в "int", возможна потеря данных
          with
          [
              T=float
          ]
C:\Users\Admin\source\repos\Tank maze c\Tank maze c\Source.cpp(1559,8): warning C4244: инициализация: преобразование "ld" в "int", возможна потеря данных
C:\Users\Admin\source\repos\Tank maze c\Tank maze c\Source.cpp(1669,13): warning C4244: инициализация: преобразование "double" в "int", возможна потеря данных
C:\Users\Admin\source\repos\Tank maze c\Tank maze c\Source.cpp(1799,13): warning C4244: инициализация: преобразование "double" в "int", возможна потеря данных
C:\Users\Admin\source\repos\Tank maze c\Tank maze c\Source.cpp(2130,40): warning C4244: аргумент: преобразование "double" в "__int64", возможна потеря данных
  Tank maze c.vcxproj -> C:\Users\Admin\source\repos\Tank maze c\x64\Debug\Tank maze c.exe
